<?xml version="1.0" encoding="utf-8" standalone="no"?>
<test-results xmlns:xsi="http://www.w3.org/2001/XMLSchema-instance" xsi:noNamespaceSchemaLocation="nunit_schema_2.5.xsd" name="Pester" total="6" errors="0" failures="0" not-run="0" inconclusive="0" ignored="0" skipped="0" invalid="0" date="2021-11-19" time="01:59:12">
  <environment user-domain="MSI" machine-name="MSI" nunit-version="2.5.8.0" platform="Microsoft Windows 10 Pro|C:\Windows|\Device\Harddisk0\Partition3" user="tyl0r" os-version="10.0.19042" cwd="C:\Users\tyl0r\code\WORKING\Dynamic" clr-version="Unknown" />
  <culture-info current-culture="en-US" current-uiculture="en-US" />
  <test-suite type="TestFixture" name="Pester" executed="True" result="Success" success="True" time="0.0949" asserts="0" description="Pester">
    <results>
      <test-suite type="TestFixture" name="C:\Users\tyl0r\code\WORKING\Dynamic\tests\Set-DynamicParameterDefinition.tests.ps1" executed="True" result="Success" success="True" time="0.0949" asserts="0" description="C:\Users\tyl0r\code\WORKING\Dynamic\tests\Set-DynamicParameterDefinition.tests.ps1">
        <results>
          <test-suite type="TestFixture" name="Set-DynamicParameterDefinition Integration Tests" executed="True" result="Success" success="True" time="0.069" asserts="0" description="Set-DynamicParameterDefinition Integration Tests">
            <results>
              <test-suite type="TestFixture" name="Set-DynamicParameterDefinition Integration Tests.Rewrite function definitions in a module" executed="True" result="Success" success="True" time="0.0442" asserts="0" description="Set-DynamicParameterDefinition Integration Tests.Rewrite function definitions in a module">
                <results>
                  <test-case description="Should successfully import test module" name="Set-DynamicParameterDefinition Integration Tests.Rewrite function definitions in a module.Should successfully import test module" time="0.0243" asserts="0" success="True" result="Success" executed="True" />
                  <test-case description="Should not allow dynamic parameter when condition is wrong" name="Set-DynamicParameterDefinition Integration Tests.Rewrite function definitions in a module.Should not allow dynamic parameter when condition is wrong" time="0.0087" asserts="0" success="True" result="Success" executed="True" />
                  <test-case description="Should allow dynamic parameter when condition is correct" name="Set-DynamicParameterDefinition Integration Tests.Rewrite function definitions in a module.Should allow dynamic parameter when condition is correct" time="0.0049" asserts="0" success="True" result="Success" executed="True" />
                  <test-case description="Should return correct value under normal conditions" name="Set-DynamicParameterDefinition Integration Tests.Rewrite function definitions in a module.Should return correct value under normal conditions" time="0.0031" asserts="0" success="True" result="Success" executed="True" />
                </results>
              </test-suite>
              <test-suite type="TestFixture" name="Set-DynamicParameterDefinition Integration Tests.Correctly redefine function with dynamic parameters" executed="True" result="Success" success="True" time="0.0663" asserts="0" description="Set-DynamicParameterDefinition Integration Tests.Correctly redefine function with dynamic parameters">
                <results>
                  <test-case description="Should successfully redefine the function" name="Set-DynamicParameterDefinition Integration Tests.Correctly redefine function with dynamic parameters.Should successfully redefine the function" time="0.005" asserts="0" success="True" result="Success" executed="True" />
                  <test-case description="Should return expected function definition. with dynamic parameters" name="Set-DynamicParameterDefinition Integration Tests.Correctly redefine function with dynamic parameters.Should return expected function definition. with dynamic parameters" time="0.0053" asserts="0" success="True" result="Success" executed="True" />
                </results>
              </test-suite>
            </results>
          </test-suite>
        </results>
      </test-suite>
    </results>
  </test-suite>
</test-results>